<?xml version="1.0" encoding="UTF-8"?>
<!-- Generated by org.testng.reporters.JUnitReportReporter -->
<testsuite hostname="DESKTOP-K11IS08H" failures="0" tests="1" name="EcommerceProject.TestComponents.BaseTest" time="5.541" errors="0" timestamp="2023-06-13T22:21:08 IST" skipped="0">
  <testcase classname="EcommerceProject.TestComponents.BaseTest" name="landingPage" time="5.541"/>
  <system-out/>
</testsuite> <!-- EcommerceProject.TestComponents.BaseTest -->
