<?xml version="1.0" encoding="UTF-8"?>
<!-- Generated by org.testng.reporters.JUnitReportReporter -->
<testsuite hostname="DESKTOP-K11IS08H" failures="0" tests="1" name="EcommerceProject.Tests.LiveTechPanda" time="11.423" errors="0" timestamp="2023-07-06T22:55:30 IST" skipped="0">
  <testcase classname="EcommerceProject.Tests.LiveTechPanda" name="verifyUserCanCreateAccountAndShareWishList" time="11.423"/>
  <system-out/>
</testsuite> <!-- EcommerceProject.Tests.LiveTechPanda -->
