<?xml version="1.0" encoding="UTF-8"?>
<!-- Generated by org.testng.reporters.JUnitReportReporter -->
<testsuite hostname="QT-INBG-LT1666" failures="0" tests="2" name="EcommerceProject.Tests.LiveTechPanda" time="140.271" errors="0" timestamp="2023-06-20T22:46:51 IST" skipped="0">
  <testcase classname="EcommerceProject.Tests.LiveTechPanda" name="verifyCostOfTheProductIsSameInListPageAndDetailsPage" time="71.050"/>
  <system-out/>
  <testcase classname="EcommerceProject.Tests.LiveTechPanda" name="verifyItemsInMobileListPageIsSortedByName" time="69.221"/>
  <system-out/>
</testsuite> <!-- EcommerceProject.Tests.LiveTechPanda -->
