<?xml version="1.0" encoding="UTF-8"?>
<!-- Generated by org.testng.reporters.JUnitReportReporter -->
<testsuite hostname="QT-INBG-LT1666" failures="0" tests="3" name="EcommerceProject.Tests.LiveTechPanda" time="202.694" errors="0" timestamp="2023-06-22T14:59:25 IST" skipped="0">
  <testcase classname="EcommerceProject.Tests.LiveTechPanda" name="verifyUserCannotAddMoreNumProductsThanTheProductAvailableInStore" time="52.165"/>
  <system-out/>
  <testcase classname="EcommerceProject.Tests.LiveTechPanda" name="verifyCostOfTheProductIsSameInListPageAndDetailsPage" time="77.029"/>
  <system-out/>
  <testcase classname="EcommerceProject.Tests.LiveTechPanda" name="verifyItemsInMobileListPageIsSortedByName" time="73.500"/>
  <system-out/>
</testsuite> <!-- EcommerceProject.Tests.LiveTechPanda -->
