<?xml version="1.0" encoding="UTF-8"?>
<!-- Generated by org.testng.reporters.JUnitReportReporter -->
<testsuite hostname="DESKTOP-K11IS08H" failures="0" tests="1" name="EcommerceProject.Tests.LiveTechPanda" time="6.239" errors="0" timestamp="2023-07-05T22:42:14 IST" skipped="0">
  <testcase classname="EcommerceProject.Tests.LiveTechPanda" name="verifyUserCanCreateAccountAndShareWishList" time="6.239"/>
  <system-out/>
</testsuite> <!-- EcommerceProject.Tests.LiveTechPanda -->
