<?xml version="1.0" encoding="UTF-8"?>
<!-- Generated by org.testng.reporters.JUnitReportReporter -->
<testsuite hostname="DESKTOP-K11IS08H" failures="0" tests="6" name="EcommerceProject.Tests.LiveTechPanda" time="51.381" errors="0" timestamp="2023-07-10T22:16:52 IST" skipped="0">
  <testcase classname="EcommerceProject.Tests.LiveTechPanda" name="verifyUserIsAbleToCompareTwoProducts" time="7.411"/>
  <system-out/>
  <testcase classname="EcommerceProject.Tests.LiveTechPanda" name="verifyUserAbleToPurchaseUsingRegEmail" time="15.123"/>
  <system-out/>
  <testcase classname="EcommerceProject.Tests.LiveTechPanda" name="verifyUserCannotAddMoreNumProductsThanTheProductAvailableInStore" time="7.607"/>
  <system-out/>
  <testcase classname="EcommerceProject.Tests.LiveTechPanda" name="verifyUserCanCreateAccountAndShareWishList" time="9.044"/>
  <system-out/>
  <testcase classname="EcommerceProject.Tests.LiveTechPanda" name="verifyCostOfTheProductIsSameInListPageAndDetailsPage" time="6.472"/>
  <system-out/>
  <testcase classname="EcommerceProject.Tests.LiveTechPanda" name="verifyItemsInMobileListPageIsSortedByName" time="5.724"/>
  <system-out/>
</testsuite> <!-- EcommerceProject.Tests.LiveTechPanda -->
