<?xml version="1.0" encoding="UTF-8"?>
<!-- Generated by org.testng.reporters.JUnitReportReporter -->
<testsuite hostname="QT-INBG-LT1666" failures="0" tests="3" name="EcommerceProject.Tests.LiveTechPanda" time="221.605" errors="0" timestamp="2023-06-21T23:05:37 IST" skipped="0">
  <testcase classname="EcommerceProject.Tests.LiveTechPanda" name="verifyItemsInMobileListPageIsSortedByName" time="73.309"/>
  <system-out/>
  <testcase classname="EcommerceProject.Tests.LiveTechPanda" name="verifyUserCannotAddMoreNumProductsThanTheProductAvailableInStore" time="75.409"/>
  <system-out/>
  <testcase classname="EcommerceProject.Tests.LiveTechPanda" name="verifyCostOfTheProductIsSameInListPageAndDetailsPage" time="72.887"/>
  <system-out/>
</testsuite> <!-- EcommerceProject.Tests.LiveTechPanda -->
