<?xml version="1.0" encoding="UTF-8"?>
<!-- Generated by org.testng.reporters.JUnitReportReporter -->
<testsuite hostname="DESKTOP-K11IS08H" failures="0" tests="4" name="EcommerceProject.Tests.LiveTechPanda" time="33.813" errors="0" timestamp="2023-07-02T20:42:06 IST" skipped="0">
  <testcase classname="EcommerceProject.Tests.LiveTechPanda" name="verifyCostOfTheProductIsSameInListPageAndDetailsPage" time="7.602"/>
  <system-out/>
  <testcase classname="EcommerceProject.Tests.LiveTechPanda" name="verifyUserIsAbleToCompareTwoProducts" time="9.056"/>
  <system-out/>
  <testcase classname="EcommerceProject.Tests.LiveTechPanda" name="verifyUserCannotAddMoreNumProductsThanTheProductAvailableInStore" time="11.707"/>
  <system-out/>
  <testcase classname="EcommerceProject.Tests.LiveTechPanda" name="verifyItemsInMobileListPageIsSortedByName" time="5.448"/>
  <system-out/>
</testsuite> <!-- EcommerceProject.Tests.LiveTechPanda -->
