<?xml version="1.0" encoding="UTF-8"?>
<!-- Generated by org.testng.reporters.JUnitReportReporter -->
<testsuite hostname="DESKTOP-K11IS08H" failures="0" tests="3" name="EcommerceProject.Tests.LiveTechPanda" time="44.738" errors="0" timestamp="2023-07-11T22:21:22 IST" skipped="0">
  <testcase classname="EcommerceProject.Tests.LiveTechPanda" name="verifyUserAbleToSaveOrderHistoryAsPDF" time="12.427"/>
  <system-out/>
  <testcase classname="EcommerceProject.Tests.LiveTechPanda" name="verifyUserAbleToPurchaseUsingRegEmail" time="22.321"/>
  <system-out/>
  <testcase classname="EcommerceProject.Tests.LiveTechPanda" name="verifyUserCanCreateAccountAndShareWishList" time="9.990"/>
  <system-out/>
</testsuite> <!-- EcommerceProject.Tests.LiveTechPanda -->
