<?xml version="1.0" encoding="UTF-8"?>
<!-- Generated by org.testng.reporters.JUnitReportReporter -->
<testsuite hostname="QT-INBG-LT1666" failures="0" tests="1" name="EcommerceProject.Tests.LiveTechPanda" time="5.774" errors="0" timestamp="2023-06-16T14:46:48 IST" skipped="0">
  <testcase classname="EcommerceProject.Tests.LiveTechPanda" name="verifyItemsInMobileListPageIsSortedByName" time="5.774"/>
  <system-out/>
</testsuite> <!-- EcommerceProject.Tests.LiveTechPanda -->
